<?xml version="1.0" encoding="UTF-8"?>
<testsuite name="TestSuite" time="18.851" tests="8" errors="0" skipped="5" failures="1">
  <properties>
[...]
</properties>
  <testcase name="TC001_Create_an_Account" classname="com.companyName.projectName.module.testCases.TC001_Create_An_Account" time="9.128"/>
  <testcase name="isSkip" classname="com.companyName.projectName.module.testCases.TC002_Create_An_Account" time="0">
    <skipped/>
  </testcase>
  <testcase name="TC002_Create_an_Account" classname="com.companyName.projectName.module.testCases.TC002_Create_An_Account" time="0">
    <skipped/>
    <system-out><![CDATA[TC002_Create_an_Account test case starts from row number :- 5
Total number of columns are:- 7
Total number of iterations/rows are :- 1
***************************************************

----{Email_ID=test.test1235@gmail.com, Password=Rahul#125, Iteration=1, Phone_Numer=2587456547, First_Name=Namita, Address=USA, Last_Name=Wikhe}
TC002_Create_an_Account Test case is skipped by listener as Run mode set to N
]]></system-out>
  </testcase>
  <testcase name="TC003_Create_an_Account" classname="com.companyName.projectName.module.testCases.TC003_Create_An_Account" time="0">
    <skipped/>
    <system-out><![CDATA[TC003_Create_an_Account test case starts from row number :- 9
Total number of columns are:- 7
Total number of iterations/rows are :- 1
***************************************************

----{Email_ID=test.test1236@gmail.com, Password=Rahul#126, Iteration=1, Phone_Numer=9850658748, First_Name=Ganesh, Address=Mumbai, Last_Name=Bhosale}
Address of the Driver:- ChromeDriver: chrome on XP (0472acb79d477b226d59ca52a301b345)
TC003_Create_an_Account Test case is skipped by listener as Run mode set to N
]]></system-out>
    <system-err><![CDATA[Starting ChromeDriver 72.0.3626.69 (3c16f8a135abc0d4da2dff33804db79b849a7c38) on port 15813
Only local connections are allowed.
Please protect ports used by ChromeDriver and related test frameworks to prevent access by malicious code.
Jul 20, 2019 11:28:33 PM org.openqa.selenium.remote.ProtocolHandshake createSession
INFO: Detected dialect: OSS
]]></system-err>
  </testcase>
  <testcase name="TC003_Create_an_Account" classname="com.companyName.projectName.module.testCases.TC003_Create_An_Account" time="11.197">
    <failure message="Please enter all required fields" type="java.lang.AssertionError">java.lang.AssertionError: Please enter all required fields
	at org.testng.Assert.fail(Assert.java:93)
	at com.companyName.projectName.module.pages.LandingPage.registerUser(LandingPage.java:105)
	at com.companyName.projectName.module.testCases.TC003_Create_An_Account.TC003_Create_an_Account(TC003_Create_An_Account.java:31)
</failure>
    <system-out><![CDATA[TC003_Create_an_Account test case starts from row number :- 9
Total number of columns are:- 7
Total number of iterations/rows are :- 1
***************************************************

----{Email_ID=test.test1236@gmail.com, Password=Rahul#126, Iteration=1, Phone_Numer=9850658748, First_Name=Ganesh, Address=Mumbai, Last_Name=Bhosale}
Address of the Driver:- ChromeDriver: chrome on XP (8be53e893964d36eb51979d8ad470c21)
]]></system-out>
    <system-err><![CDATA[Starting ChromeDriver 72.0.3626.69 (3c16f8a135abc0d4da2dff33804db79b849a7c38) on port 19463
Only local connections are allowed.
Please protect ports used by ChromeDriver and related test frameworks to prevent access by malicious code.
Jul 20, 2019 11:28:59 PM org.openqa.selenium.remote.ProtocolHandshake createSession
INFO: Detected dialect: OSS
]]></system-err>
  </testcase>
  <testcase name="isSkip" classname="com.companyName.projectName.module.testCases.TC004_Create_An_Account" time="0">
    <skipped/>
  </testcase>
  <testcase name="TC004_Create_an_Account" classname="com.companyName.projectName.module.testCases.TC004_Create_An_Account" time="0">
    <skipped/>
    <system-out><![CDATA[TC004_Create_an_Account test case starts from row number :- 13
Total number of columns are:- 7
Total number of iterations/rows are :- 1
***************************************************

----{Email_ID=test.test1237@gmail.com, Password=Rahul#127, Iteration=1, Phone_Numer=2587456547, First_Name=Snehal, Address=Delhi, Last_Name=chopade}
TC004_Create_an_Account Test case is skipped by listener as Run mode set to N
]]></system-out>
  </testcase>
  <testcase name="TC005_Create_an_Account" classname="com.companyName.projectName.module.testCases.TC005_Create_An_Account" time="9.723"/>
</testsuite>