<h2>Reporter output</h2><table><tr><td>********* Config file has been loaded ***********</td></tr>
<tr><td>********* OR file has been loaded ***********</td></tr>
<tr><td>******* Chrome Driver has been launched ********</td></tr>
<tr><td>User is redirested to Application URL:- http://automationpractice.com/index.php</td></tr>
<tr><td>Starting execution of Test Case:- TC001_Create_an_Account</td></tr>
<tr><td>The Title of the page is :-My Store</td></tr>
<tr><td>signIn button is clicked.</td></tr>
<tr><td>Email ID has been entered.</td></tr>
<tr><td>create an account button is clicked.</td></tr>
<tr><td>Mr. Title is selected.</td></tr>
<tr><td>first_Name has been entered.</td></tr>
<tr><td>last_Name has been entered.</td></tr>
<tr><td>password has been entered.</td></tr>
<tr><td>*** Script execution for TC001_Create_an_Account is completed. *** </td></tr>
<tr><td>TC002_Create_an_Account Test case is skipped by listener as Run mode set to N</td></tr>
<tr><td>******* Chrome Driver has been launched ********</td></tr>
<tr><td>User is redirested to Application URL:- http://automationpractice.com/index.php</td></tr>
<tr><td>Starting execution of Test Case:- TC003_Create_an_Account</td></tr>
<tr><td>The Title of the page is :-My Store</td></tr>
<tr><td>signIn button is clicked.</td></tr>
<tr><td>Email ID has been entered.</td></tr>
<tr><td>create an account button is clicked.</td></tr>
<tr><td>Mr. Title is selected.</td></tr>
<tr><td>first_Name has been entered.</td></tr>
<tr><td>last_Name has been entered.</td></tr>
<tr><td>password has been entered.</td></tr>
<tr><td>Register button is clicked.</td></tr>
<tr><td>Retrying test TC003_Create_an_Account with status FAILURE for the 1 time(s).</td></tr>
<tr><td>Test case fail due to:- java.lang.AssertionError: Please enter all required fields</td></tr>
<tr><td><a href='E:\Study Material\Automation_World-Training\workspace\Batch4thMayMavenProject\src\test\resources\screenShots\Failed\TC003_Create_an_Account_14_07_2019_10_15_28.png'> <img src='E:\Study Material\Automation_World-Training\workspace\Batch4thMayMavenProject\src\test\resources\screenShots\Failed\TC003_Create_an_Account_14_07_2019_10_15_28.png' height='100' width='100'/> </a></td></tr>
<tr><td>*** Script execution for TC003_Create_an_Account is Failed. *** </td></tr>
<tr><td>******* Chrome Driver has been launched ********</td></tr>
<tr><td>User is redirested to Application URL:- http://automationpractice.com/index.php</td></tr>
<tr><td>Starting execution of Test Case:- TC003_Create_an_Account</td></tr>
<tr><td>The Title of the page is :-My Store</td></tr>
<tr><td>signIn button is clicked.</td></tr>
<tr><td>Email ID has been entered.</td></tr>
<tr><td>create an account button is clicked.</td></tr>
<tr><td>Mr. Title is selected.</td></tr>
<tr><td>first_Name has been entered.</td></tr>
<tr><td>last_Name has been entered.</td></tr>
<tr><td>password has been entered.</td></tr>
<tr><td>Register button is clicked.</td></tr>
<tr><td>Test case fail due to:- java.lang.AssertionError: Please enter all required fields</td></tr>
<tr><td><a href='E:\Study Material\Automation_World-Training\workspace\Batch4thMayMavenProject\src\test\resources\screenShots\Failed\TC003_Create_an_Account_14_07_2019_10_15_56.png'> <img src='E:\Study Material\Automation_World-Training\workspace\Batch4thMayMavenProject\src\test\resources\screenShots\Failed\TC003_Create_an_Account_14_07_2019_10_15_56.png' height='100' width='100'/> </a></td></tr>
<tr><td>*** Script execution for TC003_Create_an_Account is Failed. *** </td></tr>
</table>